<?xml version="1.0" encoding="UTF-8"?>
<!-- Generated by org.testng.reporters.JUnitXMLReporter -->
<testsuite hostname="Ankit-PC" name="Command line test" tests="1" failures="1" timestamp="23 Aug 2018 09:53:03 GMT" time="153.713" errors="0">
  <testcase name="logintest" time="93.008" classname="com.login.index.loginIndex">
    <failure type="java.lang.AssertionError" message="expected [true] but found [false]">
      <![CDATA[java.lang.AssertionError: expected [true] but found [false]
	at com.login.index.loginIndex.logintest(loginIndex.java:37)
	at demo.DEmo1.RunTest.main(RunTest.java:16)
	at org.eclipse.jdt.internal.jarinjarloader.JarRsrcLoader.main(JarRsrcLoader.java:58)
... Removed 29 stack frames]]>
    </failure>
  </testcase> <!-- logintest -->
</testsuite> <!-- Command line test -->
